<?xml version="1.0" encoding="UTF-8"?>
<!-- Generated by org.testng.reporters.JUnitReportReporter -->
<testsuite hostname="DESKTOP-A7ACS09" failures="0" tests="1" name="com.tests.HomePageTest" time="3.560" errors="0" timestamp="2021-12-22T23:10:40 EST" skipped="0">
  <testcase classname="com.tests.HomePageTest" name="HomePageTitle" time="3.560"/>
  <system-out/>
</testsuite> <!-- com.tests.HomePageTest -->
